2021-03-27 11:08:49.923  INFO 2420 --- [main] sg.com.studymama.StudymamaApplication    : Starting StudymamaApplication using Java 1.8.0_281 on DESKTOP-UNA8823 with PID 2420 (D:\Eclipse Projects\StudyMama\target\classes started by Dannel in D:\Eclipse Projects\StudyMama)
2021-03-27 11:08:49.925  INFO 2420 --- [main] sg.com.studymama.StudymamaApplication    : No active profile set, falling back to default profiles: default
2021-03-27 11:08:50.884  INFO 2420 --- [main] .s.d.r.c.RepositoryConfigurationDelegate : Bootstrapping Spring Data JPA repositories in DEFAULT mode.
2021-03-27 11:08:50.973  INFO 2420 --- [main] .s.d.r.c.RepositoryConfigurationDelegate : Finished Spring Data repository scanning in 72 ms. Found 1 JPA repository interfaces.
2021-03-27 11:08:52.412  INFO 2420 --- [main] o.s.b.w.embedded.tomcat.TomcatWebServer  : Tomcat initialized with port(s): 8080 (http)
2021-03-27 11:08:52.426  INFO 2420 --- [main] o.apache.catalina.core.StandardService   : Starting service [Tomcat]
2021-03-27 11:08:52.426  INFO 2420 --- [main] org.apache.catalina.core.StandardEngine  : Starting Servlet engine: [Apache Tomcat/9.0.44]
2021-03-27 11:08:52.538  INFO 2420 --- [main] o.a.c.c.C.[Tomcat].[localhost].[/]       : Initializing Spring embedded WebApplicationContext
2021-03-27 11:08:52.539  INFO 2420 --- [main] w.s.c.ServletWebServerApplicationContext : Root WebApplicationContext: initialization completed in 2546 ms
2021-03-27 11:08:52.855  INFO 2420 --- [main] com.zaxxer.hikari.HikariDataSource       : HikariPool-1 - Starting...
2021-03-27 11:08:54.164  INFO 2420 --- [main] com.zaxxer.hikari.HikariDataSource       : HikariPool-1 - Start completed.
2021-03-27 11:08:54.229  INFO 2420 --- [main] o.hibernate.jpa.internal.util.LogHelper  : HHH000204: Processing PersistenceUnitInfo [name: default]
2021-03-27 11:08:54.304  INFO 2420 --- [main] org.hibernate.Version                    : HHH000412: Hibernate ORM core version 5.4.29.Final
2021-03-27 11:08:54.529  INFO 2420 --- [main] o.hibernate.annotations.common.Version   : HCANN000001: Hibernate Commons Annotations {5.1.2.Final}
2021-03-27 11:08:54.722  INFO 2420 --- [main] org.hibernate.dialect.Dialect            : HHH000400: Using dialect: org.hibernate.dialect.MySQL8Dialect
2021-03-27 11:08:55.493  INFO 2420 --- [main] o.h.e.t.j.p.i.JtaPlatformInitiator       : HHH000490: Using JtaPlatform implementation: [org.hibernate.engine.transaction.jta.platform.internal.NoJtaPlatform]
2021-03-27 11:08:55.506  INFO 2420 --- [main] j.LocalContainerEntityManagerFactoryBean : Initialized JPA EntityManagerFactory for persistence unit 'default'
2021-03-27 11:08:55.598  WARN 2420 --- [main] JpaBaseConfiguration$JpaWebConfiguration : spring.jpa.open-in-view is enabled by default. Therefore, database queries may be performed during view rendering. Explicitly configure spring.jpa.open-in-view to disable this warning
2021-03-27 11:08:56.378  INFO 2420 --- [main] o.s.s.web.DefaultSecurityFilterChain     : Will secure any request with [org.springframework.security.web.context.request.async.WebAsyncManagerIntegrationFilter@6e73974, org.springframework.security.web.context.SecurityContextPersistenceFilter@1209a0f, org.springframework.security.web.header.HeaderWriterFilter@6c27e700, org.springframework.security.web.authentication.logout.LogoutFilter@8bc0696, sg.com.studymama.component.CustomJwtAuthenticationFilter@73044cdf, org.springframework.security.web.savedrequest.RequestCacheAwareFilter@66715ca9, org.springframework.security.web.servletapi.SecurityContextHolderAwareRequestFilter@3c09a350, org.springframework.security.web.authentication.AnonymousAuthenticationFilter@3e28dc96, org.springframework.security.web.session.SessionManagementFilter@4948daec, org.springframework.security.web.access.ExceptionTranslationFilter@5635bcd2, org.springframework.security.web.access.intercept.FilterSecurityInterceptor@20864cd1]
2021-03-27 11:08:56.569  INFO 2420 --- [main] o.s.s.concurrent.ThreadPoolTaskExecutor  : Initializing ExecutorService 'applicationTaskExecutor'
2021-03-27 11:08:57.069  INFO 2420 --- [main] o.s.b.w.embedded.tomcat.TomcatWebServer  : Tomcat started on port(s): 8080 (http) with context path ''
2021-03-27 11:08:57.084  INFO 2420 --- [main] sg.com.studymama.StudymamaApplication    : Started StudymamaApplication in 7.712 seconds (JVM running for 8.292)
2021-03-27 11:10:03.865  INFO 5568 --- [main] sg.com.studymama.StudymamaApplication    : Starting StudymamaApplication using Java 1.8.0_281 on DESKTOP-UNA8823 with PID 5568 (D:\Eclipse Projects\StudyMama\target\classes started by Dannel in D:\Eclipse Projects\StudyMama)
2021-03-27 11:10:03.869  INFO 5568 --- [main] sg.com.studymama.StudymamaApplication    : No active profile set, falling back to default profiles: default
2021-03-27 11:10:04.813  INFO 5568 --- [main] .s.d.r.c.RepositoryConfigurationDelegate : Bootstrapping Spring Data JPA repositories in DEFAULT mode.
2021-03-27 11:10:04.887  INFO 5568 --- [main] .s.d.r.c.RepositoryConfigurationDelegate : Finished Spring Data repository scanning in 62 ms. Found 1 JPA repository interfaces.
2021-03-27 11:10:06.229  INFO 5568 --- [main] o.s.b.w.embedded.tomcat.TomcatWebServer  : Tomcat initialized with port(s): 8080 (http)
2021-03-27 11:10:06.242  INFO 5568 --- [main] o.apache.catalina.core.StandardService   : Starting service [Tomcat]
2021-03-27 11:10:06.242  INFO 5568 --- [main] org.apache.catalina.core.StandardEngine  : Starting Servlet engine: [Apache Tomcat/9.0.44]
2021-03-27 11:10:06.343  INFO 5568 --- [main] o.a.c.c.C.[Tomcat].[localhost].[/]       : Initializing Spring embedded WebApplicationContext
2021-03-27 11:10:06.343  INFO 5568 --- [main] w.s.c.ServletWebServerApplicationContext : Root WebApplicationContext: initialization completed in 2401 ms
2021-03-27 11:10:06.631  INFO 5568 --- [main] com.zaxxer.hikari.HikariDataSource       : HikariPool-1 - Starting...
2021-03-27 11:10:07.865  INFO 5568 --- [main] com.zaxxer.hikari.HikariDataSource       : HikariPool-1 - Start completed.
2021-03-27 11:10:07.929  INFO 5568 --- [main] o.hibernate.jpa.internal.util.LogHelper  : HHH000204: Processing PersistenceUnitInfo [name: default]
2021-03-27 11:10:08.017  INFO 5568 --- [main] org.hibernate.Version                    : HHH000412: Hibernate ORM core version 5.4.29.Final
2021-03-27 11:10:08.256  INFO 5568 --- [main] o.hibernate.annotations.common.Version   : HCANN000001: Hibernate Commons Annotations {5.1.2.Final}
2021-03-27 11:10:08.450  INFO 5568 --- [main] org.hibernate.dialect.Dialect            : HHH000400: Using dialect: org.hibernate.dialect.MySQL8Dialect
2021-03-27 11:10:09.221  INFO 5568 --- [main] o.h.e.t.j.p.i.JtaPlatformInitiator       : HHH000490: Using JtaPlatform implementation: [org.hibernate.engine.transaction.jta.platform.internal.NoJtaPlatform]
2021-03-27 11:10:09.234  INFO 5568 --- [main] j.LocalContainerEntityManagerFactoryBean : Initialized JPA EntityManagerFactory for persistence unit 'default'
2021-03-27 11:10:09.309  WARN 5568 --- [main] JpaBaseConfiguration$JpaWebConfiguration : spring.jpa.open-in-view is enabled by default. Therefore, database queries may be performed during view rendering. Explicitly configure spring.jpa.open-in-view to disable this warning
2021-03-27 11:10:10.098  INFO 5568 --- [main] o.s.s.web.DefaultSecurityFilterChain     : Will secure any request with [org.springframework.security.web.context.request.async.WebAsyncManagerIntegrationFilter@5a48d186, org.springframework.security.web.context.SecurityContextPersistenceFilter@41a23470, org.springframework.security.web.header.HeaderWriterFilter@66715ca9, org.springframework.security.web.authentication.logout.LogoutFilter@7956f93a, sg.com.studymama.component.CustomJwtAuthenticationFilter@6a84bc3f, org.springframework.security.web.savedrequest.RequestCacheAwareFilter@39a7eca5, org.springframework.security.web.servletapi.SecurityContextHolderAwareRequestFilter@3005623b, org.springframework.security.web.authentication.AnonymousAuthenticationFilter@521ba38f, org.springframework.security.web.session.SessionManagementFilter@592a1882, org.springframework.security.web.access.ExceptionTranslationFilter@1209a0f, org.springframework.security.web.access.intercept.FilterSecurityInterceptor@31940704]
2021-03-27 11:10:10.290  INFO 5568 --- [main] o.s.s.concurrent.ThreadPoolTaskExecutor  : Initializing ExecutorService 'applicationTaskExecutor'
2021-03-27 11:10:10.771  INFO 5568 --- [main] o.s.b.w.embedded.tomcat.TomcatWebServer  : Tomcat started on port(s): 8080 (http) with context path ''
2021-03-27 11:10:10.784  INFO 5568 --- [main] sg.com.studymama.StudymamaApplication    : Started StudymamaApplication in 7.457 seconds (JVM running for 8.005)
2021-03-27 11:10:10.789  INFO 5568 --- [main] sg.com.studymama.StudymamaApplication    : Study Mama Application Started
2021-03-27 11:10:20.074  INFO 5568 --- [http-nio-8080-exec-2] o.a.c.c.C.[Tomcat].[localhost].[/]       : Initializing Spring DispatcherServlet 'dispatcherServlet'
2021-03-27 11:10:20.075  INFO 5568 --- [http-nio-8080-exec-2] o.s.web.servlet.DispatcherServlet        : Initializing Servlet 'dispatcherServlet'
2021-03-27 11:10:20.076  INFO 5568 --- [http-nio-8080-exec-2] o.s.web.servlet.DispatcherServlet        : Completed initialization in 1 ms
2021-03-27 11:10:20.225  INFO 5568 --- [http-nio-8080-exec-2] s.c.s.c.AuthenticationController         : New authentication request: sg.com.studymama.model.AuthenticationRequest@64602dc3
2021-03-27 11:12:35.615  INFO 12972 --- [main] sg.com.studymama.StudymamaApplication    : Starting StudymamaApplication using Java 1.8.0_281 on DESKTOP-UNA8823 with PID 12972 (D:\Eclipse Projects\StudyMama\target\classes started by Dannel in D:\Eclipse Projects\StudyMama)
2021-03-27 11:12:35.618  INFO 12972 --- [main] sg.com.studymama.StudymamaApplication    : No active profile set, falling back to default profiles: default
2021-03-27 11:12:36.548  INFO 12972 --- [main] .s.d.r.c.RepositoryConfigurationDelegate : Bootstrapping Spring Data JPA repositories in DEFAULT mode.
2021-03-27 11:12:36.621  INFO 12972 --- [main] .s.d.r.c.RepositoryConfigurationDelegate : Finished Spring Data repository scanning in 61 ms. Found 1 JPA repository interfaces.
2021-03-27 11:12:38.314  INFO 12972 --- [main] o.s.b.w.embedded.tomcat.TomcatWebServer  : Tomcat initialized with port(s): 8080 (http)
2021-03-27 11:12:38.327  INFO 12972 --- [main] o.apache.catalina.core.StandardService   : Starting service [Tomcat]
2021-03-27 11:12:38.328  INFO 12972 --- [main] org.apache.catalina.core.StandardEngine  : Starting Servlet engine: [Apache Tomcat/9.0.44]
2021-03-27 11:12:38.430  INFO 12972 --- [main] o.a.c.c.C.[Tomcat].[localhost].[/]       : Initializing Spring embedded WebApplicationContext
2021-03-27 11:12:38.430  INFO 12972 --- [main] w.s.c.ServletWebServerApplicationContext : Root WebApplicationContext: initialization completed in 2738 ms
2021-03-27 11:12:38.694  INFO 12972 --- [main] com.zaxxer.hikari.HikariDataSource       : HikariPool-1 - Starting...
2021-03-27 11:12:39.971  INFO 12972 --- [main] com.zaxxer.hikari.HikariDataSource       : HikariPool-1 - Start completed.
2021-03-27 11:12:40.035  INFO 12972 --- [main] o.hibernate.jpa.internal.util.LogHelper  : HHH000204: Processing PersistenceUnitInfo [name: default]
2021-03-27 11:12:40.114  INFO 12972 --- [main] org.hibernate.Version                    : HHH000412: Hibernate ORM core version 5.4.29.Final
2021-03-27 11:12:40.346  INFO 12972 --- [main] o.hibernate.annotations.common.Version   : HCANN000001: Hibernate Commons Annotations {5.1.2.Final}
2021-03-27 11:12:40.538  INFO 12972 --- [main] org.hibernate.dialect.Dialect            : HHH000400: Using dialect: org.hibernate.dialect.MySQL8Dialect
2021-03-27 11:12:41.306  INFO 12972 --- [main] o.h.e.t.j.p.i.JtaPlatformInitiator       : HHH000490: Using JtaPlatform implementation: [org.hibernate.engine.transaction.jta.platform.internal.NoJtaPlatform]
2021-03-27 11:12:41.321  INFO 12972 --- [main] j.LocalContainerEntityManagerFactoryBean : Initialized JPA EntityManagerFactory for persistence unit 'default'
2021-03-27 11:12:41.405  WARN 12972 --- [main] JpaBaseConfiguration$JpaWebConfiguration : spring.jpa.open-in-view is enabled by default. Therefore, database queries may be performed during view rendering. Explicitly configure spring.jpa.open-in-view to disable this warning
2021-03-27 11:12:42.212  INFO 12972 --- [main] o.s.s.web.DefaultSecurityFilterChain     : Will secure any request with [org.springframework.security.web.context.request.async.WebAsyncManagerIntegrationFilter@5a48d186, org.springframework.security.web.context.SecurityContextPersistenceFilter@41a23470, org.springframework.security.web.header.HeaderWriterFilter@66715ca9, org.springframework.security.web.authentication.logout.LogoutFilter@7956f93a, sg.com.studymama.component.CustomJwtAuthenticationFilter@6a84bc3f, org.springframework.security.web.savedrequest.RequestCacheAwareFilter@39a7eca5, org.springframework.security.web.servletapi.SecurityContextHolderAwareRequestFilter@3005623b, org.springframework.security.web.authentication.AnonymousAuthenticationFilter@521ba38f, org.springframework.security.web.session.SessionManagementFilter@592a1882, org.springframework.security.web.access.ExceptionTranslationFilter@1209a0f, org.springframework.security.web.access.intercept.FilterSecurityInterceptor@31940704]
2021-03-27 11:12:42.398  INFO 12972 --- [main] o.s.s.concurrent.ThreadPoolTaskExecutor  : Initializing ExecutorService 'applicationTaskExecutor'
2021-03-27 11:12:42.886  INFO 12972 --- [main] o.s.b.w.embedded.tomcat.TomcatWebServer  : Tomcat started on port(s): 8080 (http) with context path ''
2021-03-27 11:12:42.898  INFO 12972 --- [main] sg.com.studymama.StudymamaApplication    : Started StudymamaApplication in 7.819 seconds (JVM running for 8.359)
2021-03-27 11:12:42.903  INFO 12972 --- [main] sg.com.studymama.StudymamaApplication    : Study Mama Application Started
2021-03-27 11:12:46.960  INFO 12972 --- [http-nio-8080-exec-1] o.a.c.c.C.[Tomcat].[localhost].[/]       : Initializing Spring DispatcherServlet 'dispatcherServlet'
2021-03-27 11:12:46.961  INFO 12972 --- [http-nio-8080-exec-1] o.s.web.servlet.DispatcherServlet        : Initializing Servlet 'dispatcherServlet'
2021-03-27 11:12:46.962  INFO 12972 --- [http-nio-8080-exec-1] o.s.web.servlet.DispatcherServlet        : Completed initialization in 1 ms
2021-03-27 11:12:47.121  INFO 12972 --- [http-nio-8080-exec-1] s.c.s.c.AuthenticationController         : New authentication request: AuthenticationRequest [username=user, password=user]
